<?xml version="1.0" encoding="UTF-8"?>
<testng-results ignored="0" total="1" passed="1" failed="0" skipped="0">
  <reporter-output>
  </reporter-output>
  <suite started-at="2023-05-18T10:27:25 IST" name="Default suite" finished-at="2023-05-18T10:27:51 IST" duration-ms="26311">
    <groups>
    </groups>
    <test started-at="2023-05-18T10:27:25 IST" name="Default test" finished-at="2023-05-18T10:27:51 IST" duration-ms="26311">
      <class name="Assignments_daily.Test_assignment_3">
        <test-method is-config="true" signature="invokeBrowser()[pri:0, instance:Assignments_daily.Test_assignment_3@32502377]" started-at="2023-05-18T10:27:25 IST" name="invokeBrowser" finished-at="2023-05-18T10:27:35 IST" duration-ms="9927" status="PASS">
          <reporter-output>
          </reporter-output>
        </test-method> <!-- invokeBrowser -->
        <test-method signature="facebookSignUp()[pri:0, instance:Assignments_daily.Test_assignment_3@32502377]" started-at="2023-05-18T10:27:35 IST" name="facebookSignUp" finished-at="2023-05-18T10:27:46 IST" duration-ms="10889" status="PASS">
          <reporter-output>
          </reporter-output>
        </test-method> <!-- facebookSignUp -->
        <test-method is-config="true" signature="closeBrowser()[pri:0, instance:Assignments_daily.Test_assignment_3@32502377]" started-at="2023-05-18T10:27:46 IST" name="closeBrowser" finished-at="2023-05-18T10:27:51 IST" duration-ms="5461" status="PASS">
          <reporter-output>
          </reporter-output>
        </test-method> <!-- closeBrowser -->
      </class> <!-- Assignments_daily.Test_assignment_3 -->
    </test> <!-- Default test -->
  </suite> <!-- Default suite -->
</testng-results>
